[2017-07-28 11:33:18,381] {/opt/git/axios-dev/webapp/frontend/server/src/server.py:204} INFO - **********************************
[2017-07-28 11:33:18,420] {/opt/git/axios-dev/webapp/frontend/server/src/server.py:199} INFO - **********************************
[2017-07-28 11:33:18,420] {/opt/git/axios-dev/webapp/frontend/server/src/server.py:200} INFO - Inside the callback manager
[2017-07-28 11:33:18,420] {/opt/git/axios-dev/webapp/frontend/server/src/server.py:201} INFO - <flask_socketio.SocketIO object at 0x2b39b10>
[2017-07-28 11:33:18,420] {/opt/git/axios-dev/webapp/frontend/server/src/server.py:202} INFO - <type 'dict'>
[2017-07-28 11:33:18,421] {/opt/git/axios-dev/webapp/frontend/server/src/server.py:203} INFO - {'data': {'task': {'msg-type': 4, 'ccdp-task': {'node-type': 'ec2', 'retries': 3, 'output-ports': [{'to': '2_input-1', 'port-id': '1_output-1'}], 'description': '', 'launched-time': 0, 'task-id': 1, 'host-id': '', 'state': 'RUNNING', 'session-id': 'bd55a1bf-d050-4969-b1d5-49c8e9f23947', 'command': ['~/Documents/project/ccdp/engine/data/ccdp-engine/python/ccdp_mod_test.py', '-a', 'testRandomTime', '-p', 'min=10,max=30'], 'class-name': 'tasks.csv_demo.CsvReader', 'reply-to': 'bd55a1bf-d050-4969-b1d5-49c8e9f23947', 'configuration': {'sleep-time': '', 'filename': ''}, 'input-ports': [], 'name': 'Csv File Reader'}}}, 'msg-type': 'TASK_UPDATE'}
[2017-07-28 11:33:18,421] {/opt/git/axios-dev/webapp/frontend/server/src/server.py:204} INFO - **********************************
[2017-07-28 11:33:21,388] {/opt/git/axios-dev/webapp/frontend/server/src/server.py:199} INFO - **********************************
[2017-07-28 11:33:21,388] {/opt/git/axios-dev/webapp/frontend/server/src/server.py:200} INFO - Inside the callback manager
[2017-07-28 11:33:21,388] {/opt/git/axios-dev/webapp/frontend/server/src/server.py:201} INFO - <flask_socketio.SocketIO object at 0x2b39b10>
[2017-07-28 11:33:21,388] {/opt/git/axios-dev/webapp/frontend/server/src/server.py:202} INFO - <type 'dict'>
[2017-07-28 11:33:21,388] {/opt/git/axios-dev/webapp/frontend/server/src/server.py:203} INFO - {'data': {'task': {'msg-type': 4, 'ccdp-task': {'node-type': 'ec2', 'retries': 3, 'output-ports': [{'to': '2_input-1', 'port-id': '1_output-1'}], 'description': '', 'launched-time': 0, 'task-id': 1, 'host-id': '', 'state': 'SUCCESSFUL', 'session-id': 'bd55a1bf-d050-4969-b1d5-49c8e9f23947', 'command': ['~/Documents/project/ccdp/engine/data/ccdp-engine/python/ccdp_mod_test.py', '-a', 'testRandomTime', '-p', 'min=10,max=30'], 'class-name': 'tasks.csv_demo.CsvReader', 'reply-to': 'bd55a1bf-d050-4969-b1d5-49c8e9f23947', 'configuration': {'sleep-time': '', 'filename': ''}, 'input-ports': [], 'name': 'Csv File Reader'}}}, 'msg-type': 'TASK_UPDATE'}
[2017-07-28 11:33:21,388] {/opt/git/axios-dev/webapp/frontend/server/src/server.py:204} INFO - **********************************
[2017-07-28 11:33:31,449] {/opt/git/axios-dev/webapp/frontend/server/src/server.py:249} INFO - USER CONNECTED
[2017-07-28 11:33:37,294] {/opt/git/axios-dev/webapp/frontend/server/src/server.py:199} INFO - **********************************
[2017-07-28 11:33:37,294] {/opt/git/axios-dev/webapp/frontend/server/src/server.py:200} INFO - Inside the callback manager
[2017-07-28 11:33:37,294] {/opt/git/axios-dev/webapp/frontend/server/src/server.py:201} INFO - <flask_socketio.SocketIO object at 0x2b39b10>
[2017-07-28 11:33:37,294] {/opt/git/axios-dev/webapp/frontend/server/src/server.py:202} INFO - <type 'str'>
[2017-07-28 11:33:37,294] {/opt/git/axios-dev/webapp/frontend/server/src/server.py:203} INFO - test data
[2017-07-28 11:33:37,294] {/opt/git/axios-dev/webapp/frontend/server/src/server.py:204} INFO - **********************************
[2017-07-28 11:33:37,305] {/opt/git/axios-dev/webapp/frontend/server/src/server.py:199} INFO - **********************************
[2017-07-28 11:33:37,305] {/opt/git/axios-dev/webapp/frontend/server/src/server.py:200} INFO - Inside the callback manager
[2017-07-28 11:33:37,306] {/opt/git/axios-dev/webapp/frontend/server/src/server.py:201} INFO - <flask_socketio.SocketIO object at 0x2b39b10>
[2017-07-28 11:33:37,306] {/opt/git/axios-dev/webapp/frontend/server/src/server.py:202} INFO - <type 'dict'>
[2017-07-28 11:33:37,306] {/opt/git/axios-dev/webapp/frontend/server/src/server.py:203} INFO - {'data': {'task': {'msg-type': 4, 'ccdp-task': {'node-type': 'ec2', 'retries': 3, 'output-ports': [], 'description': '', 'launched-time': 0, 'task-id': 2, 'host-id': '', 'state': 'RUNNING', 'session-id': '9c292c32-ffa5-465c-ad12-56966b5c6d84', 'command': ['~/Documents/project/ccdp/engine/data/ccdp-engine/python/ccdp_mod_test.py', '-a', 'testRandomTime', '-p', 'min=10,max=30'], 'class-name': 'tasks.csv_demo.JsonTranslator', 'reply-to': '9c292c32-ffa5-465c-ad12-56966b5c6d84', 'configuration': {'output-file': '', 'sleep-time': ''}, 'input-ports': [{'port-id': '2_input-1', 'from': '1_output-1'}], 'name': 'JSON Translator'}}}, 'msg-type': 'TASK_UPDATE'}
[2017-07-28 11:33:37,306] {/opt/git/axios-dev/webapp/frontend/server/src/server.py:204} INFO - **********************************
[2017-07-28 11:33:37,309] {/opt/git/axios-dev/webapp/frontend/server/src/server.py:199} INFO - **********************************
[2017-07-28 11:33:37,309] {/opt/git/axios-dev/webapp/frontend/server/src/server.py:200} INFO - Inside the callback manager
[2017-07-28 11:33:37,309] {/opt/git/axios-dev/webapp/frontend/server/src/server.py:201} INFO - <flask_socketio.SocketIO object at 0x2b39b10>
[2017-07-28 11:33:37,309] {/opt/git/axios-dev/webapp/frontend/server/src/server.py:202} INFO - <type 'dict'>
[2017-07-28 11:33:37,309] {/opt/git/axios-dev/webapp/frontend/server/src/server.py:203} INFO - {'data': {'task': {'msg-type': 4, 'ccdp-task': {'node-type': 'ec2', 'retries': 3, 'output-ports': [], 'description': '', 'launched-time': 0, 'task-id': 2, 'host-id': '', 'state': 'SUCCESSFUL', 'session-id': '9c292c32-ffa5-465c-ad12-56966b5c6d84', 'command': ['~/Documents/project/ccdp/engine/data/ccdp-engine/python/ccdp_mod_test.py', '-a', 'testRandomTime', '-p', 'min=10,max=30'], 'class-name': 'tasks.csv_demo.JsonTranslator', 'reply-to': '9c292c32-ffa5-465c-ad12-56966b5c6d84', 'configuration': {'output-file': '', 'sleep-time': ''}, 'input-ports': [{'port-id': '2_input-1', 'from': '1_output-1'}], 'name': 'JSON Translator'}}}, 'msg-type': 'TASK_UPDATE'}
[2017-07-28 11:33:37,309] {/opt/git/axios-dev/webapp/frontend/server/src/server.py:204} INFO - **********************************
[2017-07-28 11:33:37,310] {/opt/git/axios-dev/webapp/frontend/server/src/server.py:199} INFO - **********************************
[2017-07-28 11:33:37,311] {/opt/git/axios-dev/webapp/frontend/server/src/server.py:200} INFO - Inside the callback manager
[2017-07-28 11:33:37,311] {/opt/git/axios-dev/webapp/frontend/server/src/server.py:201} INFO - <flask_socketio.SocketIO object at 0x2b39b10>
[2017-07-28 11:33:37,311] {/opt/git/axios-dev/webapp/frontend/server/src/server.py:202} INFO - <type 'dict'>
[2017-07-28 11:33:37,311] {/opt/git/axios-dev/webapp/frontend/server/src/server.py:203} INFO - {'data': {'task': {'msg-type': 4, 'ccdp-task': {'node-type': 'ec2', 'retries': 3, 'output-ports': [{'to': '2_input-1', 'port-id': '1_output-1'}], 'description': '', 'launched-time': 0, 'task-id': 1, 'host-id': '', 'state': 'RUNNING', 'session-id': '9c292c32-ffa5-465c-ad12-56966b5c6d84', 'command': ['~/Documents/project/ccdp/engine/data/ccdp-engine/python/ccdp_mod_test.py', '-a', 'testRandomTime', '-p', 'min=10,max=30'], 'class-name': 'tasks.csv_demo.CsvReader', 'reply-to': '9c292c32-ffa5-465c-ad12-56966b5c6d84', 'configuration': {'sleep-time': '', 'filename': ''}, 'input-ports': [], 'name': 'Csv File Reader'}}}, 'msg-type': 'TASK_UPDATE'}
[2017-07-28 11:33:37,311] {/opt/git/axios-dev/webapp/frontend/server/src/server.py:204} INFO - **********************************
[2017-07-28 11:33:39,312] {/opt/git/axios-dev/webapp/frontend/server/src/server.py:199} INFO - **********************************
[2017-07-28 11:33:39,313] {/opt/git/axios-dev/webapp/frontend/server/src/server.py:200} INFO - Inside the callback manager
[2017-07-28 11:33:39,313] {/opt/git/axios-dev/webapp/frontend/server/src/server.py:201} INFO - <flask_socketio.SocketIO object at 0x2b39b10>
[2017-07-28 11:33:39,313] {/opt/git/axios-dev/webapp/frontend/server/src/server.py:202} INFO - <type 'dict'>
[2017-07-28 11:33:39,313] {/opt/git/axios-dev/webapp/frontend/server/src/server.py:203} INFO - {'data': {'task': {'msg-type': 4, 'ccdp-task': {'node-type': 'ec2', 'retries': 3, 'output-ports': [{'to': '2_input-1', 'port-id': '1_output-1'}], 'description': '', 'launched-time': 0, 'task-id': 1, 'host-id': '', 'state': 'SUCCESSFUL', 'session-id': '9c292c32-ffa5-465c-ad12-56966b5c6d84', 'command': ['~/Documents/project/ccdp/engine/data/ccdp-engine/python/ccdp_mod_test.py', '-a', 'testRandomTime', '-p', 'min=10,max=30'], 'class-name': 'tasks.csv_demo.CsvReader', 'reply-to': '9c292c32-ffa5-465c-ad12-56966b5c6d84', 'configuration': {'sleep-time': '', 'filename': ''}, 'input-ports': [], 'name': 'Csv File Reader'}}}, 'msg-type': 'TASK_UPDATE'}
[2017-07-28 11:33:39,313] {/opt/git/axios-dev/webapp/frontend/server/src/server.py:204} INFO - **********************************
